build/app/intermediates/manifest_merge_blame_file/release/manifest-merger-blame-release-report.txt
1<?xml version="1.0" encoding="utf-8"?>
2<manifest xmlns:android="http://schemas.android.com/apk/res/android"
3    package="com.example.premier_cms"
4    android:versionCode="1"
5    android:versionName="1.0.0" >
6
7    <uses-sdk
8        android:minSdkVersion="21"
8-->src\main\AndroidManifest.xml
9        android:targetSdkVersion="33" />
9-->src\main\AndroidManifest.xml
10
11    <uses-permission android:name="android.permission.ACCESS_NETWORK_STATE" />
11-->src\main\AndroidManifest.xml:3:5-79
11-->src\main\AndroidManifest.xml:3:22-76
12    <uses-permission android:name="android.permission.INTERNET" />
12-->src\main\AndroidManifest.xml:4:5-66
12-->src\main\AndroidManifest.xml:4:22-64
13
14    <application
15        android:name="android.app.Application"
15-->src\main\AndroidManifest.xml:7:9-42
16        android:appComponentFactory="androidx.core.app.CoreComponentFactory"
16-->[androidx.core:core:1.6.0] AndroidManifest.xml:24:18-86
17        android:icon="@mipmap/ic_launcher"
17-->src\main\AndroidManifest.xml:8:9-43
18        android:label="Premier CMS" >
18-->src\main\AndroidManifest.xml:6:9-36
19        <activity
19-->src\main\AndroidManifest.xml:9:9-29:20
20            android:name="com.example.premier_cms.MainActivity"
20-->src\main\AndroidManifest.xml:10:13-41
21            android:configChanges="orientation|keyboardHidden|keyboard|screenSize|smallestScreenSize|locale|layoutDirection|fontScale|screenLayout|density|uiMode"
21-->src\main\AndroidManifest.xml:14:13-163
22            android:exported="true"
22-->src\main\AndroidManifest.xml:11:13-36
23            android:hardwareAccelerated="true"
23-->src\main\AndroidManifest.xml:15:13-47
24            android:launchMode="singleTop"
24-->src\main\AndroidManifest.xml:12:13-43
25            android:theme="@style/LaunchTheme"
25-->src\main\AndroidManifest.xml:13:13-47
26            android:windowSoftInputMode="adjustResize" >
26-->src\main\AndroidManifest.xml:16:13-55
27
28            <!--
29                 Specifies an Android theme to apply to this Activity as soon as
30                 the Android process has started. This theme is visible to the user
31                 while the Flutter UI initializes. After that, this theme continues
32                 to determine the Window background behind the Flutter UI.
33            -->
34            <meta-data
34-->src\main\AndroidManifest.xml:21:13-24:17
35                android:name="io.flutter.embedding.android.NormalTheme"
35-->src\main\AndroidManifest.xml:22:15-70
36                android:resource="@style/NormalTheme" />
36-->src\main\AndroidManifest.xml:23:15-52
37
38            <intent-filter>
38-->src\main\AndroidManifest.xml:25:13-28:29
39                <action android:name="android.intent.action.MAIN" />
39-->src\main\AndroidManifest.xml:26:17-68
39-->src\main\AndroidManifest.xml:26:25-66
40
41                <category android:name="android.intent.category.LAUNCHER" />
41-->src\main\AndroidManifest.xml:27:17-76
41-->src\main\AndroidManifest.xml:27:27-74
42            </intent-filter>
43        </activity>
44        <!--
45             Don't delete the meta-data below.
46             This is used by the Flutter tool to generate GeneratedPluginRegistrant.java
47        -->
48        <meta-data
48-->src\main\AndroidManifest.xml:32:9-34:33
49            android:name="flutterEmbedding"
49-->src\main\AndroidManifest.xml:33:13-44
50            android:value="2" />
50-->src\main\AndroidManifest.xml:34:13-30
51
52        <uses-library
52-->[androidx.window:window:1.0.0-beta04] AndroidManifest.xml:25:9-27:40
53            android:name="androidx.window.extensions"
53-->[androidx.window:window:1.0.0-beta04] AndroidManifest.xml:26:13-54
54            android:required="false" />
54-->[androidx.window:window:1.0.0-beta04] AndroidManifest.xml:27:13-37
55        <uses-library
55-->[androidx.window:window:1.0.0-beta04] AndroidManifest.xml:28:9-30:40
56            android:name="androidx.window.sidecar"
56-->[androidx.window:window:1.0.0-beta04] AndroidManifest.xml:29:13-51
57            android:required="false" />
57-->[androidx.window:window:1.0.0-beta04] AndroidManifest.xml:30:13-37
58    </application>
59
60</manifest>